<?xml version="1.0" encoding="UTF-8"?>
<robot generator="Robot 7.1.1 (Python 3.12.6 on win32)" generated="2024-11-21T15:13:34.456473" rpa="false" schemaversion="5">
<suite id="s1" name="Preenchimento Incorreto" source="C:\Users\Diego\Documents\Development\study\programacao-basica\alura-RobotFramework\preenchimento_incorreto.robot">
<test id="s1-t1" name="Verificar se quando clico no botão de Criar Card aparece as mensagens de erro" line="14">
<kw name="Dado que eu acesse o Organo" owner="setup_teardown" type="SETUP">
<kw name="Open Browser" owner="SeleniumLibrary">
<msg time="2024-11-21T15:13:34.639132" level="INFO">Opening browser 'Chrome' to base url 'http://localhost:3000/'.</msg>
<arg>url=http://localhost:3000/</arg>
<arg>browser=Chrome</arg>
<doc>Opens a new browser instance to the optional ``url``.</doc>
<status status="PASS" start="2024-11-21T15:13:34.639132" elapsed="1.720511"/>
</kw>
<status status="PASS" start="2024-11-21T15:13:34.638130" elapsed="1.721513"/>
</kw>
<kw name="Dado que eu clique no botão Criar Card e não coloque nenhuma informação para cadastro">
<kw name="Click Element" owner="SeleniumLibrary">
<msg time="2024-11-21T15:13:36.360890" level="INFO">Clicking element 'id:form-botao'.</msg>
<arg>${BOTAO_CARD}</arg>
<doc>Click the element identified by ``locator``.</doc>
<status status="PASS" start="2024-11-21T15:13:36.359643" elapsed="0.057553"/>
</kw>
<status status="PASS" start="2024-11-21T15:13:36.359643" elapsed="0.057553"/>
</kw>
<kw name="Verificar mensagens de erros nos campos Nome, Cargo e Time">
<kw name="Element Should Be Visible" owner="SeleniumLibrary">
<msg time="2024-11-21T15:13:36.429230" level="INFO">Element 'id:form-nome-erro' is displayed.</msg>
<arg>${MENSAGEM_ERRO_NOME}</arg>
<doc>Verifies that the element identified by ``locator`` is visible.</doc>
<status status="PASS" start="2024-11-21T15:13:36.417196" elapsed="0.013533"/>
</kw>
<kw name="Element Should Be Visible" owner="SeleniumLibrary">
<msg time="2024-11-21T15:13:36.443095" level="INFO">Element 'id:form-cargo-erro' is displayed.</msg>
<arg>${MENSAGEM_ERRO_CARGO}</arg>
<doc>Verifies that the element identified by ``locator`` is visible.</doc>
<status status="PASS" start="2024-11-21T15:13:36.430729" elapsed="0.012366"/>
</kw>
<kw name="Element Should Be Visible" owner="SeleniumLibrary">
<msg time="2024-11-21T15:13:36.454340" level="INFO">Element 'id:form-times-erro' is displayed.</msg>
<arg>${MENSAGEM_ERRO_TIME}</arg>
<doc>Verifies that the element identified by ``locator`` is visible.</doc>
<status status="PASS" start="2024-11-21T15:13:36.443095" elapsed="0.011245"/>
</kw>
<status status="PASS" start="2024-11-21T15:13:36.417196" elapsed="0.037144"/>
</kw>
<kw name="Fechar o navegador" owner="setup_teardown" type="TEARDOWN">
<kw name="Close Browser" owner="SeleniumLibrary">
<doc>Closes the current browser.</doc>
<status status="PASS" start="2024-11-21T15:13:36.455345" elapsed="2.091966"/>
</kw>
<status status="PASS" start="2024-11-21T15:13:36.455345" elapsed="2.091966"/>
</kw>
<status status="PASS" start="2024-11-21T15:13:34.638130" elapsed="3.909181"/>
</test>
<status status="PASS" start="2024-11-21T15:13:34.457823" elapsed="4.090657"/>
</suite>
<statistics>
<total>
<stat pass="1" fail="0" skip="0">All Tests</stat>
</total>
<tag>
</tag>
<suite>
<stat pass="1" fail="0" skip="0" id="s1" name="Preenchimento Incorreto">Preenchimento Incorreto</stat>
</suite>
</statistics>
<errors>
</errors>
</robot>
